printing posts from the NSA
{u'body': u'It\u2019s #CareerDevelopmentMonth, and our colleagues have something to say \u2026\nhttps://t.co/N3NiQOkgWc', u'source': u'twitter', u'time': '2018-11-01 19:55:07', u'title': u''}
{u'body': u'Happy birthday to our partners @GCHQ! https://t.co/el4eLcJLZX', u'source': u'twitter', u'time': '2018-11-01 18:02:25', u'title': u''}
{u'body': u'NSA and NASA work together on data encryption. Come to the National Cryptologic Museum at 11 am on Nov 15 and learn\u2026 https://t.co/MMr4TAJDMO', u'source': u'twitter', u'time': '2018-11-01 18:00:28', u'title': u''}
{u'body': u'Attention high school seniors: #NSA\u2019s Stokes program gives you money for college, a salary, a guaranteed job when y\u2026 https://t.co/c5VhVSpuRu', u'source': u'twitter', u'time': '2018-10-31 16:30:10', u'title': u''}
{u'body': u'Maybe it\u2019s a rumor, but students who miss today\u2019s deadline for college program applications will see ghosts, ghouls\u2026 https://t.co/m2u5Vj56su', u'source': u'twitter', u'time': '2018-10-31 12:55:13', u'title': u''}
{u'body': u'Apply today for this amazing opportunity! Search Job ID: 30001102 #NSA\nhttps://t.co/ShnSyH8RdW https://t.co/ho88cAVRen', u'source': u'twitter', u'time': '2018-10-30 15:55:14', u'title': u''}
{u'body': u'No better way to wrap up #cybersecurity month than #NSA\u2019s senior cyberscurity advisor Rob Joyce. Check out his talk\u2026 https://t.co/ErwiNJU4Op', u'source': u'twitter', u'time': '2018-10-29 19:55:08', u'title': u''}
{u'body': u'What do you make of this image that our partner @ASDGovAu tweeted? https://t.co/M8jeUiUgQY', u'source': u'twitter', u'time': '2018-10-29 14:12:58', u'title': u''}
{u'body': u"Congratulations to our partners @ASDGovAu on their Twitter inauguration! 'Long time listener, first time caller.' https://t.co/zROkuC2ghm", u'source': u'twitter', u'time': '2018-10-29 12:58:21', u'title': u''}
{u'body': u'@NSAGov employees spent an exciting weekend #mentoring students through #innovation and thinking out of the box on\u2026 https://t.co/dufEdXQ6LR', u'source': u'twitter', u'time': '2018-10-29 11:42:00', u'title': u''}
{u'body': u'Congratulations @EEP_TAMU, best wishes from @NSAGov for a successful #AggiesInvent weekend!', u'source': u'twitter', u'time': '2018-10-27 19:09:35', u'title': u''}
{u'body': u'Time\u2019s almost up! The application deadline for most of next summer\u2019s college programs is Oct. 31! Get started and j\u2026 https://t.co/Y53ua9Ept3', u'source': u'twitter', u'time': '2018-10-26 15:55:17', u'title': u''}
{u'body': u'We\u2019re not sure how we\u2019re supposed to recognize National Cranky Co-Worker Day, because the evidence says we don\u2019t ha\u2026 https://t.co/RMb81rgYzC', u'source': u'twitter', u'time': '2018-10-26 12:55:12', u'title': u''}
{u'body': u'Green means Go! Researchers @IllinoisTech are keeping us safer on the road by studying threats to networked and sma\u2026 https://t.co/Otq9xaEHgR', u'source': u'twitter', u'time': '2018-10-25 18:00:01', u'title': u''}
{u'body': u"Smartphones\U0001f4f1took the edge with this week's poll! Learn more about what @DHSgov considers critical infrastructure he\u2026 https://t.co/vTXzDbhtSx", u'source': u'twitter', u'time': '2018-10-25 15:54:41', u'title': u''}
{u'body': u'Be more #CyberAware by using these ways to keep yourself more secure. https://t.co/PCBGwAhK2l', u'source': u'twitter', u'time': '2018-10-24 18:04:57', u'title': u''}
{u'body': u'This week is all about critical infrastructure for National Cybersecurity Awareness Month so with that theme in min\u2026 https://t.co/HyTdQ2Mwwe', u'source': u'twitter', u'time': '2018-10-24 14:28:45', u'title': u''}
{u'body': u'#TipTuesday \u2013 #NSA is MUCH more than STEM. Use the IC\u2019s Job Exploration Tool to find the perfect fit for your skill\u2026 https://t.co/i5wUpEVPcI', u'source': u'twitter', u'time': '2018-10-23 15:55:18', u'title': u''}
{u'body': u'Cybersecurity for the sofa? It might sound strange, but IoT connectivity of office chairs and desks can mean more e\u2026 https://t.co/HLCnapIshL', u'source': u'twitter', u'time': '2018-10-23 15:06:35', u'title': u''}
{u'body': u'A great example of #cybersecurity #partnership @PaloAltoNtwks #FederalIgnite event this morning with @WHNSC\u2019s Grant\u2026 https://t.co/EDPfM6bQSA', u'source': u'twitter', u'time': '2018-10-23 14:24:01', u'title': u''}
{u'body': u'Congratulations to @ieeecsd award winners @CarnegieMellon &amp; @UofMaryland for their work to help make passwords easi\u2026 https://t.co/XhJbnX9G13', u'source': u'twitter', u'time': '2018-10-22 18:00:00', u'title': u''}
{u'body': u'Learn what it\u2019s like to work with an organization that prizes diversity as a strategic asset during a live webinar\u2026 https://t.co/ErcuHICgri', u'source': u'twitter', u'time': '2018-10-22 15:55:14', u'title': u''}
{u'body': u'Our #cybersecurity roots run deep @NSAGov. Listen to how our cyber mission has grown making us leaders in this evol\u2026 https://t.co/wguBz3TYTW', u'source': u'twitter', u'time': '2018-10-22 15:33:47', u'title': u''}
{u'body': u'ICYMI, @FederalNewsNet recently spoke with #NSA and @UMBC about their 20-year academic partnership and developing t\u2026 https://t.co/OOq0m2aZUS', u'source': u'twitter', u'time': '2018-10-22 14:44:26', u'title': u''}
{u'body': u'Meet #NSA\u2019s Deputy Chief of Cybersecurity Solutions for Capabilities: Harley rider, devoted father, cyber warrior.\u2026 https://t.co/SmXcGZoqGE', u'source': u'twitter', u'time': '2018-10-19 20:00:59', u'title': u''}
{u'body': u'According to #NSA\'s Rob Joyce at #DCCyberWeek, "human factors are the key to #cybersecurity." Training your workfor\u2026 https://t.co/tiAPdVjgr1', u'source': u'twitter', u'time': '2018-10-18 22:24:27', u'title': u''}
{u'body': u'Using unique passwords is a #cybersecurity best practice. ICYMI check out these additional tips for keeping your ho\u2026 https://t.co/bMubKiqhFF', u'source': u'twitter', u'time': '2018-10-18 16:00:51', u'title': u''}
{u'body': u'Come see us at the 2018 Society of Women Engineers Conference in Minneapolis and bring your resume! Find us at Boot\u2026 https://t.co/hEyCMEATWg', u'source': u'twitter', u'time': '2018-10-18 15:55:14', u'title': u''}
{u'body': u'Did you know that #NSA employees serve as visiting professors at @UMBC to teach subjects critical to national secur\u2026 https://t.co/J3i3cvqj07', u'source': u'twitter', u'time': '2018-10-18 13:30:00', u'title': u''}
{u'body': u'October is National Work and Family month, and we have to say, nobody does it better than #NSA! #WorkLifeBalance\nhttps://t.co/xj55Gelcys', u'source': u'twitter', u'time': '2018-10-17 19:55:08', u'title': u''}
{u'body': u'#Cybersecurity in a snap. This small plastic port protector helps to deter intruders. It\u2019s among the #NSA-developed\u2026 https://t.co/EnwZ8E6RuS', u'source': u'twitter', u'time': '2018-10-17 16:30:01', u'title': u''}
{u'body': u'How many unique passwords do you use? (password=pwd)', u'source': u'twitter', u'time': '2018-10-17 15:20:49', u'title': u''}
{u'body': u'Student program applications for next summer are due TWO weeks from today! #GetItDone\nhttps://t.co/LSI4KsJ2gG https://t.co/WJvwHw3UFj', u'source': u'twitter', u'time': '2018-10-17 13:02:07', u'title': u''}
{u'body': u"In honor of National Cybersecurity Awareness Month, #NSA's #puzzleperiodical reminds you to stay safe online at hom\u2026 https://t.co/kfQiyiX02O", u'source': u'twitter', u'time': '2018-10-16 17:50:01', u'title': u''}
{u'body': u'.@UMBC professor Charles Nicholas says working with #NSA \u201callows me and my students to work on problems that are in\u2026 https://t.co/hMBj0bFgkj', u'source': u'twitter', u'time': '2018-10-16 13:30:00', u'title': u''}
{u'body': u'Congrats to @NCSC for two years of making the UK a more #cyber secure nation! #teamwork #NSA https://t.co/zJIB213jMJ', u'source': u'twitter', u'time': '2018-10-16 11:20:49', u'title': u''}
{u'body': u'Join #NSA and @STOPTHNKCONNECT this week as we work towards making our workplaces, whether a corporate office or go\u2026 https://t.co/ptKDDlR3YC', u'source': u'twitter', u'time': '2018-10-15 22:31:23', u'title': u''}
{u'body': u'This week for National Cybersecurity Awareness Month, #NSA Leaders share #cyber best practices that help thwart mal\u2026 https://t.co/eWZlBu70G1', u'source': u'twitter', u'time': '2018-10-15 16:00:01', u'title': u''}
{u'body': u'NSA goes live this Wednesday, Oct. 17, during a webinar on #NSA #businesscareers! Learn how your #\u2026 https://t.co/Id2xP7WOtk', u'source': u'twitter', u'time': '2018-10-15 12:55:14', u'title': u''}
{u'body': u'Paula Lewandoski, #NSA Threat Operations Manager, stressed that \u201ccyber vulnerability is one of the biggest strategi\u2026 https://t.co/lUKxUWaynM', u'source': u'twitter', u'time': '2018-10-13 21:39:57', u'title': u''}
{u'body': u'#NSA Senior Advisor for Cybersecurity Strategy Rob Joyce foot stomps "that which you do not know, you can\'t defend\u2026 https://t.co/aIM6nvqffU', u'source': u'twitter', u'time': '2018-10-12 17:58:02', u'title': u''}
{u'body': u'One of our electrical engineers gives us her back story today, including how our Disability Affairs Office supporte\u2026 https://t.co/kxmHbBZ5wH', u'source': u'twitter', u'time': '2018-10-12 15:55:12', u'title': u''}
{u'body': u"Interested in a #cybersecurity career with #NSA?  Paula Lewandoski, Threat Operation Manager in NSA's Cybersecurity\u2026 https://t.co/e7YXu6g2qD", u'source': u'twitter', u'time': '2018-10-11 18:46:02', u'title': u''}
{u'body': u'Hot Job of the Week! Be the first to apply! Search: Facilities Engineer - Electrical Ad, Job ID 30000940\u2026 https://t.co/ObTAe5WO0I', u'source': u'twitter', u'time': '2018-10-11 15:55:14', u'title': u''}
{u'body': u'Come say hi! We\u2019ll be at the following conferences starting today:\n\u2022 Women of Color STEM Conference, Detroit #WOC18\u2026 https://t.co/MIcl5p5I2g', u'source': u'twitter', u'time': '2018-10-11 13:55:12', u'title': u''}
{u'body': u'With more than 14,000 sq. ft. of shared research space, #NSA and @UMBC have collaborated on advances in malware ana\u2026 https://t.co/vvZastGYQQ', u'source': u'twitter', u'time': '2018-10-11 13:30:00', u'title': u''}
{u'body': u'Which of these are job opportunities at NSA?', u'source': u'twitter', u'time': '2018-10-10 16:57:42', u'title': u''}
{u'body': u'Wondering what it\u2019s really like to intern or work for #NSA? Real employees share their real insights in our webinar\u2026 https://t.co/3eL7MbldUb', u'source': u'twitter', u'time': '2018-10-10 15:55:17', u'title': u''}
{u'body': u"NSA's Rob Joyce discusses cyber security @USChamber stressing the importance of #partnership and smart cyber defense https://t.co/oBp5PGJHwD", u'source': u'twitter', u'time': '2018-10-10 13:17:19', u'title': u''}
{u'body': u'Guiados por la Diversidad en #NSA! Prep\xe1rate para asistir a @SACNAS National Diversity in STEM Conference en #Texas\u2026 https://t.co/xq5Mz5i9Ze', u'source': u'twitter', u'time': '2018-10-09 20:25:01', u'title': u''}
{u'body': u"Diversity Innovates NSA's Mission! Get ready for this year's @sacnas National Diversity in STEM Conference in\u2026 https://t.co/sFoVOVkqJ0", u'source': u'twitter', u'time': '2018-10-09 20:13:17', u'title': u''}
{u'body': u'Location, location, location. #NSA computer science instructor and @UMBC academic liaison Rita Doerr says UMBC\u2019s cl\u2026 https://t.co/OfWSNOFkLE', u'source': u'twitter', u'time': '2018-10-09 19:02:23', u'title': u''}
{u'body': u'#Cybercareers @NSA offer an #opportunity to "be a part of something so much bigger than yourself." Check us out if\u2026 https://t.co/KC4dGZxuUV', u'source': u'twitter', u'time': '2018-10-09 16:20:22', u'title': u''}
{u'body': u'Programmers! Take a look at \u201cWalkoff\u201d \u2013 an NSA automation framework to cut through tedious and repetitive tasks! Ge\u2026 https://t.co/xGJnU7jFV9', u'source': u'twitter', u'time': '2018-10-09 15:55:17', u'title': u''}
{u'body': u'Talk about foresight: Ada Lovelace (1815-1852) was one of the first programmers and the first to recognize that the\u2026 https://t.co/4UfO3WEGwU', u'source': u'twitter', u'time': '2018-10-09 12:00:33', u'title': u''}
{u'body': u'Find out what it\u2019s like to be a full-time employee in a technical development program! (Hint: you learn a TON.) We\u2019\u2026 https://t.co/gkUQbejIBg', u'source': u'twitter', u'time': '2018-10-08 12:55:14', u'title': u''}
{u'body': u'Looking for some weekend reading? Get the 411 on #machinelearning in this edition of #NSA\u2019s The Next Wave:\u2026 https://t.co/DjBiNBu8E0', u'source': u'twitter', u'time': '2018-10-05 19:39:00', u'title': u''}
{u'body': u'Have the latest? According to our poll more than half of you practice great #cybersecurity by downloading system up\u2026 https://t.co/J6mOOfEEtk', u'source': u'twitter', u'time': '2018-10-05 16:46:16', u'title': u''}
{u'body': u'Meet #NSA at these conferences starting today:\n\u2022#SASE2018 National Conference &amp; STEM Career Fair, Chicago, Booth 61\u2026 https://t.co/DneCggoJ4Z', u'source': u'twitter', u'time': '2018-10-04 15:55:19', u'title': u''}
{u'body': u'Computer science, math, mechanical engineering, political science, and visual arts \u2013 just a few @UMBC alum majors h\u2026 https://t.co/Uq3Pgne960', u'source': u'twitter', u'time': '2018-10-04 13:30:01', u'title': u''}
{u'body': u'#NSA is proud to work with @DHSgov, @USCERT_gov to assist service provider customers in protecting enterprise-level\u2026 https://t.co/77mBxgqN2U', u'source': u'twitter', u'time': '2018-10-03 20:56:50', u'title': u''}
{u'body': u'Hot Job! Apply now to start the perfect job for you! Search: Office of the Inspector General Attorney \u2013 Experienced\u2026 https://t.co/tjyo3y4yAa', u'source': u'twitter', u'time': '2018-10-03 15:55:16', u'title': u''}
{u'body': u"When should you update and upgrade your device's software?", u'source': u'twitter', u'time': '2018-10-03 14:21:30', u'title': u''}
{u'body': u'Sometimes being #basic isn\u2019t a bad thing. Review these easy ways you can defend your #home from cyber threats.  Rea\u2026 https://t.co/i7YgkXc7Yn', u'source': u'twitter', u'time': '2018-10-02 17:20:00', u'title': u''}
{u'body': u'We\u2019ve added Chinese to our High School Work Study Program! If you\u2019re in high school and speak Chinese, this is a fa\u2026 https://t.co/PYu1uKtdZq', u'source': u'twitter', u'time': '2018-10-02 15:55:14', u'title': u''}
{u'body': u'Showing we care with this share from @STOPTHNKCONNECT #CyberAware https://t.co/wieGiMftY9', u'source': u'twitter', u'time': '2018-10-02 15:48:06', u'title': u''}
{u'body': u'Multiple careers, opportunities for travel, and supporting the mission. Interested in learning more?\u2026 https://t.co/geV9jAlLY3', u'source': u'twitter', u'time': '2018-10-02 13:30:01', u'title': u''}
{u'body': u'NSA\u2019s Rob Joyce kicks off National Cybersecurity Awareness Month reminding you to be #CyberAware. @STOPTHNKCONNECT\u2026 https://t.co/npZyvcLqQg', u'source': u'twitter', u'time': '2018-10-01 15:34:47', u'title': u''}
{u'body': u'WARNING: You have about 30 days to get your student program applications in for next summer. If you\u2019ve put it off,\u2026 https://t.co/11UjMD00aY', u'source': u'twitter', u'time': '2018-09-28 15:55:17', u'title': u''}
{u'body': u"Join #NSA recruiters today at the IC Virtual Career Fair! There's still time to register! The virtual doors open at\u2026 https://t.co/GVddsHANcj", u'source': u'twitter', u'time': '2018-09-27 15:55:19', u'title': u''}
{u'body': u'#OTD in history, the Battle of Yorktown began in 1781. During the battle, then-General George Washington wrote ciph\u2026 https://t.co/dL4d0k3ZGE', u'source': u'twitter', u'time': '2018-09-27 15:30:00', u'title': u''}
{u'body': u'Did you know 15 @UMBC graduates are listed on patent applications filed by #NSA? #NSAFeaturedSchool\u2026 https://t.co/qNHnfwtNRF', u'source': u'twitter', u'time': '2018-09-27 13:30:00', u'title': u''}
{u'body': u'Here\u2019s your #WednesdayWellbeing Tip: Medical benefits, retirement plans, paid days off and flexible scheduling go a\u2026 https://t.co/xmOjttAL49', u'source': u'twitter', u'time': '2018-09-26 15:55:13', u'title': u''}
{u'body': u'#TipTuesday - Applying for a student program? Listen. Very. Carefully. You MUST send ALL materials requested in the\u2026 https://t.co/u4RD3PurDm', u'source': u'twitter', u'time': '2018-09-25 15:55:19', u'title': u''}
{u'body': u'Meet Darniet Jennings -- #NSA technical lead, 4x @UMBC graduate and patented inventor. #NSAFeaturedSchool\u2026 https://t.co/uKEXImo79p', u'source': u'twitter', u'time': '2018-09-25 13:30:00', u'title': u''}
{u'body': u'General Nakasone does not have a social media presence and any decision to take down or suspend an account purporti\u2026 https://t.co/1jO48Z9nYB', u'source': u'twitter', u'time': '2018-09-24 14:22:36', u'title': u''}
{u'body': u'Let\u2019s slide into the weekend with a #CryptoChallenge. Haven\u2019t posted one for a while. Have your skills held up?\u2026 https://t.co/wUtL0TPXCN', u'source': u'twitter', u'time': '2018-09-21 19:55:08', u'title': u''}
{u'body': u'The #NSA Codebreaker Challenge is live! Let\u2019s see if you have what it takes to be a #NSA analyst. Good luck to all\u2026 https://t.co/7sKF4R7yeT', u'source': u'twitter', u'time': '2018-09-21 17:05:00', u'title': u''}
{u'body': u'NSA\u2019s foreign intelligence and cybersecurity missions align with the National Cyber Strategy, and NSA will continue\u2026 https://t.co/fb8AmHgYr3', u'source': u'twitter', u'time': '2018-09-20 20:12:38', u'title': u''}
{u'body': u'The National Cyber Strategy helps unify U.S. government efforts to ensure we bring the full power of our nation to\u2026 https://t.co/65MzXobWTK', u'source': u'twitter', u'time': '2018-09-20 20:12:38', u'title': u''}
{u'body': u'The National Cyber Strategy, building on the National Security Strategy, is an important step to address the consta\u2026 https://t.co/0Kj1NgNi8B', u'source': u'twitter', u'time': '2018-09-20 20:12:36', u'title': u''}
{u'body': u'REMINDER: Now taking applications for next  summer\u2019s student programs! Is it too early? It\u2019s almost too late!\u2026 https://t.co/ItPvOAKhpG', u'source': u'twitter', u'time': '2018-09-20 18:55:14', u'title': u''}
{u'body': u'\u23f1\ufe0f is ticking...Register now to compete in the #NSA Codebreaker Challenge. The mission starts tomorrow!\u2026 https://t.co/QdHv8Nc6QE', u'source': u'twitter', u'time': '2018-09-20 18:00:01', u'title': u''}
{u'body': u"On September 19, #NSA appointed its first civilian Deputy Director. Joseph Ream laid the basis for the #NSA's use o\u2026 https://t.co/lDUtCVHgwM", u'source': u'twitter', u'time': '2018-09-20 17:00:00', u'title': u''}
{u'body': u'Did you know 200+ @UMBC students have participated in #NSA\u2019s Codebreaker Challenge over the past 3 years?\u2026 https://t.co/Vdv6V4ViR1', u'source': u'twitter', u'time': '2018-09-20 13:30:00', u'title': u''}
{u'body': u'One week from today, IC recruiters will be online and ready to chat at this month\u2019s IC Virtual Career Fair. Reserve\u2026 https://t.co/i1oCvGGDOu', u'source': u'twitter', u'time': '2018-09-20 12:50:14', u'title': u''}
{u'body': u'.@CSBSJU alum turned cybersecurity leader, #NSA Dir Gen Paul Nakasone discusses his experiences at his alma mater.\u2026 https://t.co/Ghq1SG7VgM', u'source': u'twitter', u'time': '2018-09-19 16:03:56', u'title': u''}
{u'body': u"This month's #puzzleperiodical is all about sequences. Put your math skills to the test, solve this F sequence:\u2026 https://t.co/4b7v5YLZ3q", u'source': u'twitter', u'time': '2018-09-18 18:30:01', u'title': u''}
{u'body': u'Last week programmers got all the glory. But this week we spread the net wider!\n#ITProDay\nhttps://t.co/MqxyoChO90 https://t.co/p90gAVAM7B', u'source': u'twitter', u'time': '2018-09-18 15:55:15', u'title': u''}
{u'body': u'Grandmother, mother, daughter \u2013 third gen #NSAer and @UMBC graduate finds her career niche in cryptology.\u2026 https://t.co/vZHBbSeFZW', u'source': u'twitter', u'time': '2018-09-18 13:30:01', u'title': u''}
{u'body': u'Read about #NSA and @UMBC\u2019s academic partnership on @MDBiz news blog: https://t.co/SH5NzRPjMX https://t.co/KJBloH3nYV', u'source': u'twitter', u'time': '2018-09-14 17:56:25', u'title': u''}
{u'body': u'Contrary to popular belief, you don\u2019t have to be in a STEM field to land the perfect job at #NSA. We hire in 17 car\u2026 