printing posts from the White House
{u'body': u'President Trump delivers an update on the crisis at our southern border.\n\n\u201cAmerica is a welcoming country . . . We\u2026 https://t.co/Af9SY4OdYv', u'source': u'twitter', u'time': '2018-11-01 20:51:26', u'title': u''}
{u'body': u'President Trump Addresses the Illegal Immigration Crisis and Gives an Update on Border Security https://t.co/oQEyysBavt', u'source': u'twitter', u'time': '2018-11-01 20:19:28', u'title': u''}
{u'body': u'Tune in at 4:15 p.m. ET as President Trump addresses the crisis at the border, live from the White House.\u2026 https://t.co/oGeyeNV5pY', u'source': u'twitter', u'time': '2018-11-01 20:09:01', u'title': u''}
{u'body': u'The Pledge to America\'s Workers is just one important way President @realDonaldTrump is fighting for the "forgotten\u2026 https://t.co/d9ZDf4XSu3', u'source': u'twitter', u'time': '2018-11-01 17:49:00', u'title': u''}
{u'body': u"The Pledge to America's Workers has resulted in more than 6 million PRIVATE-SECTOR opportunities for our great work\u2026 https://t.co/7zcE5TiccL", u'source': u'twitter', u'time': '2018-11-01 16:24:02', u'title': u''}
{u'body': u'"For the first time in history, we have more vacant jobs than we have unemployed workers to fill them." \u2014\u2026 https://t.co/scwawYNG3n', u'source': u'twitter', u'time': '2018-11-01 14:57:19', u'title': u''}
{u'body': u'RT @SeemaCMS: Did I get your attention? Good. Medicare for All isn\u2019t a joke. It\u2019s a multi-trillion dollar drain on the American economy tha\u2026', u'source': u'twitter', u'time': '2018-11-01 13:44:39', u'title': u''}
{u'body': u'In the past, economic growth would too often benefit a wealthy few rather than lift up all American workers. Today,\u2026 https://t.co/TUb4q6WLo1', u'source': u'twitter', u'time': '2018-11-01 00:06:00', u'title': u''}
{u'body': u'RT @IPCassociation: IPC\u2019s commitment to closing the #skillsgap by pledging to create one million workforce opportunities was called out by\u2026', u'source': u'twitter', u'time': '2018-10-31 23:02:00', u'title': u''}
{u'body': u'"This is the blue-collar, middle-class Trump Economy." https://t.co/C0vlOD89zP', u'source': u'twitter', u'time': '2018-10-31 22:17:21', u'title': u''}
{u'body': u'In addition to over 100 companies and organizations from the private sector, a bipartisan group of 41 governors has\u2026 https://t.co/bjZzUP2c5T', u'source': u'twitter', u'time': '2018-10-31 21:57:01', u'title': u''}
{u'body': u'President @realDonaldTrump is en route to Florida! The economy is roaring back to life all over America\u2014and in the\u2026 https://t.co/2Kf1QxGgOS', u'source': u'twitter', u'time': '2018-10-31 21:47:07', u'title': u''}
{u'body': u'RT @FLOTUS: Have a safe and Happy Halloween!! \U0001f383\U0001f47b https://t.co/IcQHlxONz9', u'source': u'twitter', u'time': '2018-10-31 21:05:32', u'title': u''}
{u'body': u".@IvankaTrump has worked alongside the President on the Pledge to America's Workers, resulting in over 6 MILLION ne\u2026 https://t.co/bP8vFl7pHa", u'source': u'twitter', u'time': '2018-10-31 20:18:18', u'title': u''}
{u'body': u"On July 19, President @realDonaldTrump unveiled his Pledge to America's Workers. Today, he announced that companies\u2026 https://t.co/7jLXWFUjdn", u'source': u'twitter', u'time': '2018-10-31 19:27:02', u'title': u''}
{u'body': u'Right now: Watch LIVE as President Trump, Ivanka Trump, and Larry Kudlow participate in "Our Pledge to America\u2019s Wo\u2026 https://t.co/cQmixgYAGS', u'source': u'twitter', u'time': '2018-10-31 18:41:01', u'title': u''}
{u'body': u"MILLIONS of new opportunities have been created for our workforce thanks to President @realDonaldTrump's Pledge to\u2026 https://t.co/Yo4TZ7Mgok", u'source': u'twitter', u'time': '2018-10-31 18:14:07', u'title': u''}
{u'body': u'RT @jdgreenblatt45: There is a culture of hate that is multiplying. Evil people are demonizing Jews and Israel.  More on what I learned whe\u2026', u'source': u'twitter', u'time': '2018-10-31 14:35:28', u'title': u''}
{u'body': u'RT @realDonaldTrump: So-called Birthright Citizenship, which costs our Country billions of dollars and is very unfair to our citizens, will\u2026', u'source': u'twitter', u'time': '2018-10-31 13:25:55', u'title': u''}
{u'body': u'RT @realDonaldTrump: Melania and I were treated very nicely yesterday in Pittsburgh. The Office of the President was shown great respect on\u2026', u'source': u'twitter', u'time': '2018-10-31 13:25:50', u'title': u''}
{u'body': u'President Trump and the First Lady walked alongside Rabbi Jeffrey Myers at the Tree of Life Synagogue in Pittsburgh\u2026 https://t.co/YutCiXdbyu', u'source': u'twitter', u'time': '2018-10-31 01:09:00', u'title': u''}
{u'body': u'President @realDonaldTrump and @FLOTUS will travel to Pittsburgh this afternoon to meet with family members of the\u2026 https://t.co/QnPcu9uvht', u'source': u'twitter', u'time': '2018-10-30 16:44:00', u'title': u''}
{u'body': u'President @realDonaldTrump and @FLOTUS will travel to Pittsburgh tomorrow to grieve the 11 victims of a despicable\u2026 https://t.co/ayawVmcvJG', u'source': u'twitter', u'time': '2018-10-29 23:37:00', u'title': u''}
{u'body': u'.@PressSec Sarah Sanders delivers a statement on the tragic shooting in Pittsburgh: https://t.co/irgIMJ7bXt', u'source': u'twitter', u'time': '2018-10-29 18:59:34', u'title': u''}
{u'body': u'Critics once loudly decried President @realDonaldTrump\'s tax cuts bill as a "tax scam" \u2014 but our GDP just hit "the\u2026 https://t.co/f3lflaxs4i', u'source': u'twitter', u'time': '2018-10-29 18:29:01', u'title': u''}
{u'body': u'WATCH LIVE: Press Briefing with @PressSec Sarah Sanders https://t.co/EmsdctGWtd', u'source': u'twitter', u'time': '2018-10-29 18:21:06', u'title': u''}
{u'body': u'RT @RJC: Dear Mr. President,\n\nThank you for your strong condemnation of the anti-Semitic attack against Jewish worshippers in Pittsburgh an\u2026', u'source': u'twitter', u'time': '2018-10-29 18:17:37', u'title': u''}
{u'body': u'The American flag is flying at half-staff above the White House as our Nation grieves the victims of the shooting a\u2026 https://t.co/vciP87LBuJ', u'source': u'twitter', u'time': '2018-10-29 17:04:03', u'title': u''}
{u'body': u'RT @AmbDermer: A message of solidarity from Jerusalem https://t.co/JiruOmG6IL', u'source': u'twitter', u'time': '2018-10-29 16:33:39', u'title': u''}
{u'body': u'.@IvankaTrump on the American Dream: \u201cThere are multiple paths and we want to celebrate and equally honor those ind\u2026 https://t.co/lfpaXYxqH3', u'source': u'twitter', u'time': '2018-10-29 14:17:00', u'title': u''}
{u'body': u'RT @IvankaTrump: As a mark of solemn respect for the victims at The Tree of Life Synagogue in Pittsburgh, PA, POTUS issued a Proclamation t\u2026', u'source': u'twitter', u'time': '2018-10-29 12:23:17', u'title': u''}
{u'body': u'Just now: President Trump invited Rabbi Benjamin Sendrow to offer a prayer for the victims of the attack in Pittsbu\u2026 https://t.co/P0mLFbIy7g', u'source': u'twitter', u'time': '2018-10-27 19:56:28', u'title': u''}
{u'body': u"President Trump's remarks on the horrific, anti-semitic, attack during a baby naming ceremony at a Pittsburgh synag\u2026 https://t.co/cXTBworG0G", u'source': u'twitter', u'time': '2018-10-27 19:36:02', u'title': u''}
{u'body': u'President @realDonaldTrump: "This wicked act of mass murder is pure evil [...] You wouldn\'t think this would be pos\u2026 https://t.co/COqSuhndNR', u'source': u'twitter', u'time': '2018-10-27 19:21:29', u'title': u''}
{u'body': u'RT @FLOTUS: My heart breaks over the news out of #Pittsburgh. The violence needs to stop. May God bless, guide &amp; unite the United States of\u2026', u'source': u'twitter', u'time': '2018-10-27 16:42:07', u'title': u''}
{u'body': u'RT @realDonaldTrump: Events in Pittsburgh are far more devastating than originally thought. Spoke with Mayor and Governor to inform them th\u2026', u'source': u'twitter', u'time': '2018-10-27 16:31:32', u'title': u''}
{u'body': u'RT @VP: Monitoring reports of shooting at Tree of Life Synagogue in Pittsburgh. Praying for the fallen, the injured, all the families impac\u2026', u'source': u'twitter', u'time': '2018-10-27 15:59:00', u'title': u''}
{u'body': u'RT @realDonaldTrump: Watching the events unfolding in Pittsburgh, Pennsylvania. Law enforcement on the scene. People in Squirrel Hill area\u2026', u'source': u'twitter', u'time': '2018-10-27 15:53:41', u'title': u''}
{u'body': u'From coast to coast, the economic boom is making a real difference in the lives of the American people. See headlin\u2026 https://t.co/4lsUQqOBXh', u'source': u'twitter', u'time': '2018-10-27 14:52:01', u'title': u''}
{u'body': u'Big win for the Tar Heel state: In North Carolina, unemployment is the lowest it\u2019s been since the year 2000. https://t.co/Ybi3SThVSb', u'source': u'twitter', u'time': '2018-10-26 23:15:05', u'title': u''}
{u'body': u'RT @FLOTUS: #BullyingPreventionMonth reminds us that we have the power to #ChooseKind. So enjoyed my time w the children from @DPApcs in th\u2026', u'source': u'twitter', u'time': '2018-10-26 19:55:00', u'title': u''}
{u'body': u'Unnecessary regulations too often hinder the growth of minority-owned businesses. President @realDonaldTrump has ta\u2026 https://t.co/n4PtGJ2grX', u'source': u'twitter', u'time': '2018-10-26 19:38:01', u'title': u''}
{u'body': u'This afternoon, President Trump welcomed participants from the Young Black Leadership Summit to the White House. Un\u2026 https://t.co/aJhb5rOuRX', u'source': u'twitter', u'time': '2018-10-26 19:22:00', u'title': u''}
{u'body': u'Education uplifts every community and promotes economic prosperity. President @realDonaldTrump has made supporting\u2026 https://t.co/JU9XuNyRYd', u'source': u'twitter', u'time': '2018-10-26 19:13:02', u'title': u''}
{u'body': u'RT @realDonaldTrump: I would like to begin today\u2019s remarks by providing an update on the packages and devices that have been mailed to high\u2026', u'source': u'twitter', u'time': '2018-10-26 17:26:26', u'title': u''}
{u'body': u'TUNE IN shortly as President Trump delivers remarks at the 2018 Young Black Leadership Summit:\u2026 https://t.co/FNFJd3VOiZ', u'source': u'twitter', u'time': '2018-10-26 15:55:46', u'title': u''}
{u'body': u'RT @realDonaldTrump: I will be speaking at the Young Black Leadership Summit in 15 minutes where I will address the investigation into the\u2026', u'source': u'twitter', u'time': '2018-10-26 15:44:55', u'title': u''}
{u'body': u"Last quarter's expectations-beating 3.5% growth was driven by \u201ca healthy job market \u2014 with the lowest unemployment\u2026 https://t.co/BO2FziBxo9", u'source': u'twitter', u'time': '2018-10-26 15:39:00', u'title': u''}
{u'body': u'Just in: Never underestimate the economic boom under President @realDonaldTrump! Real GDP beat market expectations\u2026 https://t.co/PjSUbIpJC1', u'source': u'twitter', u'time': '2018-10-26 15:02:04', u'title': u''}
{u'body': u'RT @IvankaTrump: Today\u2019s discussion with local leaders in Mississippi focused on sharing best practices and developing new solutions to our\u2026', u'source': u'twitter', u'time': '2018-10-26 14:29:00', u'title': u''}
{u'body': u'RT @Scavino45: Tonight, President Donald J. Trump, joined by Defense Secretary James Mattis, attends a reception commemorating the 35th Ann\u2026', u'source': u'twitter', u'time': '2018-10-26 02:31:25', u'title': u''}
{u'body': u'For far too long, the United States has been footing the bill for lower drug prices\u2014in other countries.\n\nToday, Pre\u2026 https://t.co/huHmC0Tc1V', u'source': u'twitter', u'time': '2018-10-26 00:31:00', u'title': u''}
{u'body': u'"Each of these heroes died as they lived, as noble warriors . . . whose hearts were filled with courage and whose s\u2026 https://t.co/SIL61UzR8R', u'source': u'twitter', u'time': '2018-10-25 23:39:12', u'title': u''}
{u'body': u'Tonight, President Trump honored the 241 American service members who were killed 35 years ago in a terrorist attac\u2026 https://t.co/OLaXJ6ls1e', u'source': u'twitter', u'time': '2018-10-25 23:22:09', u'title': u''}
{u'body': u'Watch LIVE as President Trump delivers remarks observing the 35th anniversary of the attack on Beirut Barracks:\u2026 https://t.co/rFzjGvwIpt', u'source': u'twitter', u'time': '2018-10-25 22:15:06', u'title': u''}
{u'body': u'President @realDonaldTrump is fighting to:\n\u2705 Lower drug prices\n\u2705 Lower premiums\n\u2705 Protect Medicare https://t.co/k8EfNqKYb5', u'source': u'twitter', u'time': '2018-10-25 19:33:18', u'title': u''}
{u'body': u'Thanks to a new law signed by President Trump, patients now have the right to know the lowest price for medicines a\u2026 https://t.co/uI9aGjyI5D', u'source': u'twitter', u'time': '2018-10-25 19:03:22', u'title': u''}
{u'body': u'Since the day President @realDonaldTrump took office, he has made reducing drug prices one of his top priorities. N\u2026 https://t.co/66Esu0hPb1', u'source': u'twitter', u'time': '2018-10-25 18:49:12', u'title': u''}
{u'body': u'This afternoon, President @realDonaldTrump heads to @HHSGov to discuss his plan to drive down drug prices. https://t.co/b0ru163SaZ', u'source': u'twitter', u'time': '2018-10-25 17:43:19', u'title': u''}
{u'body': u'Good news out today, courtesy CNBC: Medicaid enrollment has declined for the first time in more than a decade as th\u2026 https://t.co/NvD18fTbUz', u'source': u'twitter', u'time': '2018-10-25 17:38:00', u'title': u''}
{u'body': u'If you have info that could assist the @FBI investigation of suspicious packages, call 1-800-CALLFBI (225-5324) or\u2026 https://t.co/4cZGEjs3cN', u'source': u'twitter', u'time': '2018-10-25 14:33:01', u'title': u''}
{u'body': u'RT @realDonaldTrump: The safety of the American People is my highest priority. I have just concluded a briefing with the FBI, Department of\u2026', u'source': u'twitter', u'time': '2018-10-24 18:57:58', u'title': u''}
{u'body': u'RT @VP: To prepare America\u2019s best &amp; bravest to deter &amp; defeat a new generation of adversaries on that new horizon, we are taking steps to e\u2026', u'source': u'twitter', u'time': '2018-10-24 15:17:00', u'title': u''}
{u'body': u'Democrats once accused Republicans of fear-mongering when they called out certain far-left policy ideas as \u201csociali\u2026 https://t.co/F1DFSjgILf', u'source': u'twitter', u'time': '2018-10-24 00:48:00', u'title': u''}
{u'body': u'Illegal immigrants used to be mostly single adults. Now, catch-and-release loopholes have provided an incentive to\u2026 https://t.co/KrFcSiC4nZ', u'source': u'twitter', u'time': '2018-10-23 23:25:01', u'title': u''}
{u'body': u'Our broken immigration laws have resulted in a dire situation at the border, yet Congressional Democrats continue t\u2026 https://t.co/RTYGsCAVil', u'source': u'twitter', u'time': '2018-10-23 23:11:01', u'title': u''}
{u'body': u"This afternoon, President @realDonaldTrump signed the America's Water Infrastructure Act of 2018, a bipartisan bill\u2026 https://t.co/CHObvKtl8c", u'source': u'twitter', u'time': '2018-10-23 22:10:19', u'title': u''}
{u'body': u'Politics aside, socialism belongs in the dustbin of history. Period. https://t.co/IH390O6cyU https://t.co/xjG5oFPxKl', u'source': u'twitter', u'time': '2018-10-23 21:44:01', u'title': u''}
{u'body': u'RT @SecPompeo: 35 years ago, 241 Marines, Sailors &amp; Soldiers were killed in Beirut, Lebanon, by an Iranian-trained Hizballah terrorist. We\u2019\u2026', u'source': u'twitter', u'time': '2018-10-23 21:41:37', u'title': u''}
{u'body': u'About those Nordic countries... \n\nTheir living standards are at least 15 percent lower than in the United States, d\u2026 https://t.co/gNz87UeOUG', u'source': u'twitter', u'time': '2018-10-23 21:28:01', u'title': u''}
{u'body': u"200 years after Karl Marx's birth, socialism is making a comeback in America\u2014courtesy of Congressional Democrats, s\u2026 https://t.co/zR5ABzWf2l", u'source': u'twitter', u'time': '2018-10-23 21:09:00', u'title': u''}
{u'body': u'Safety, opportunity, prosperity: "On these initiatives and so many others, we are working hand-in-hand with your st\u2026 https://t.co/A45shJ2Klz', u'source': u'twitter', u'time': '2018-10-23 19:36:09', u'title': u''}
{u'body': u'More than 3,700 officials from across all 50 states have now participated in a White House State Leadership Confere\u2026 https://t.co/y2N2BMMF4b', u'source': u'twitter', u'time': '2018-10-23 19:19:16', u'title': u''}
{u'body': u'Just now, President @realDonaldTrump delivered remarks at the final State Leadership Day\u2014an unprecedented outreach\u2026 https://t.co/Ml8Nww0LvG', u'source': u'twitter', u'time': '2018-10-23 19:06:02', u'title': u''}
{u'body': u'Watch LIVE as President Trump delivers remarks at the White House State Leadership Day Conference: https://t.co/EmsdctGWtd', u'source': u'twitter', u'time': '2018-10-23 18:01:45', u'title': u''}
{u'body': u'Americans should have more health insurance options than one plan that their employer chooses for them. That\u2019s why\u2026 https://t.co/9RO3zCJUMF', u'source': u'twitter', u'time': '2018-10-23 16:44:01', u'title': u''}
{u'body': u'Unemployment in the Lone Star State has dropped to 3.8 percent\u2014the lowest rate ever recorded\u2014and the average Texas\u2026 https://t.co/PpnDbVmXCs', u'source': u'twitter', u'time': '2018-10-23 00:43:00', u'title': u''}
{u'body': u'President @realDonaldTrump is en route to Texas! Unemployment has hit a record low and hardworking Texans are savin\u2026 https://t.co/g8WiNIbgnT', u'source': u'twitter', u'time': '2018-10-22 20:37:07', u'title': u''}
{u'body': u"Jobs are plentiful, wages are on the rise\u2014and a two-decade decline of women's participation in America's workforce\u2026 https://t.co/dt3SMiyZaO", u'source': u'twitter', u'time': '2018-10-22 20:34:02', u'title': u''}
{u'body': u'.@IvankaTrump talks with the Washington Examiner about boosting resources for female-owned businesses, encouraging\u2026 https://t.co/IvwC6YeyKI', u'source': u'twitter', u'time': '2018-10-22 19:22:00', u'title': u''}
{u'body': u'"The United States, as we have said many times, cares for the Palestinian people and wants to help, but we will not\u2026 https://t.co/7PT5yrkKCK', u'source': u'twitter', u'time': '2018-10-22 18:44:00', u'title': u''}
{u'body': u'Transnational criminal organizations, traffickers, and other criminals prey on the vulnerabilities of those who tak\u2026 https://t.co/zQVK4UVXnn', u'source': u'twitter', u'time': '2018-10-22 15:48:03', u'title': u''}
{u'body': u'Back on top: The United States economy has regained its crown as the most competitive in the world for the first ti\u2026 https://t.co/WE9tl0oNY1', u'source': u'twitter', u'time': '2018-10-21 22:37:00', u'title': u''}
{u'body': u'\u201cHow extraordinary is this job boom? . . . This is the best time in decades to be seeking a job, even if you\u2019re une\u2026 https://t.co/j9gYxk5xUv', u'source': u'twitter', u'time': '2018-10-21 16:58:01', u'title': u''}
{u'body': u'President @realDonaldTrump\'s promise to cut Obama-era red tape "has gone into overdrive, with the slashing generati\u2026 https://t.co/7hkkKro0Z4', u'source': u'twitter', u'time': '2018-10-20 20:19:01', u'title': u''}
{u'body': u'This weekend, the White House is hosting its annual Fall Garden Tours. Can\u2019t join us? Follow along as Ranger Jenny\u2026 https://t.co/CbB3DFNekr', u'source': u'twitter', u'time': '2018-10-20 19:15:28', u'title': u''}
{u'body': u'RT @Scavino45: .@POTUS @realDonaldTrump departs Arizona - now wheels up to Nevada. (Via @abc15) https://t.co/daUhgEhZqH', u'source': u'twitter', u'time': '2018-10-20 18:27:32', u'title': u''}
{u'body': u'\u201cU.S. manufacturers increased their capacity for the 16th straight month in September, fresh evidence that a streng\u2026 https://t.co/TdgMWCluZv', u'source': u'twitter', u'time': '2018-10-20 14:31:00', u'title': u''}
{u'body': u'President Trump Participates in a Defense Roundtable https://t.co/FywXuHOh1n', u'source': u'twitter', u'time': '2018-10-20 00:07:22', u'title': u''}
{u'body': u'Watch LIVE at 7:15 PM ET as President Trump participates in a defense roundtable in Arizona: https://t.co/EmsdctGWtd https://t.co/8FrNDu37I6', u'source': u'twitter', u'time': '2018-10-19 22:45:02', u'title': u''}
{u'body': u"There's never been a better time to pursue the American dream!\n\nFresh all-time highs in job openings and new hires: https://t.co/xUn